[26/07/2023 21:39:01] 89p received 100 Coins from 89p. New balance: 100⛃
[26/07/2023 21:39:06] 89p received 1,000 Coins from 89p. New balance: 1,100⛃
[26/07/2023 21:57:59] 89p lost 600 Coins by 89p. New balance: 500⛃
[26/07/2023 21:58:00] 89p lost 600 Coins by 89p. New balance: 0⛃
[26/07/2023 21:58:03] 89p lost 600 Coins by 89p. New balance: 0⛃
[26/07/2023 22:05:43] 89p received 1,000 Coins from 89p. New balance: 1,000⛃
[26/07/2023 22:09:49] 89p lost 500 Coins by CONSOLE. New balance: 500⛃
[26/07/2023 22:10:06] 89p lost 500 Coins by CONSOLE. New balance: 0⛃
[26/07/2023 22:10:31] 89p received 1,000 Coins from 89p. New balance: 1,000⛃
[26/07/2023 22:11:20] 89p lost 400 Coins by CONSOLE. New balance: 600⛃
[26/07/2023 22:16:09] 89p lost 400 Coins by CONSOLE. New balance: 200⛃
[26/07/2023 22:19:54] 89p received 1,000 Coins from 89p. New balance: 1,200⛃
[26/07/2023 22:19:55] 89p received 1,000 Coins from 89p. New balance: 2,200⛃
[26/07/2023 22:19:55] 89p received 10,000 Coins from 89p. New balance: 12,200⛃
[26/07/2023 22:19:57] 89p lost 4,000 Coins by CONSOLE. New balance: 8,200⛃
[26/07/2023 22:19:59] 89p lost 4,000 Coins by CONSOLE. New balance: 4,200⛃
[26/07/2023 22:20:00] 89p lost 4,000 Coins by CONSOLE. New balance: 200⛃
[26/07/2023 22:28:42] 89p lost 1,000 Coins by CONSOLE. New balance: 0⛃
[26/07/2023 22:28:47] 89p received 400 Coins from CONSOLE. New balance: 400⛃
[26/07/2023 22:28:50] 89p lost 400 Coins by CONSOLE. New balance: 0⛃
[26/07/2023 22:28:55] 89p received 1,200 Coins from CONSOLE. New balance: 1,200⛃
[26/07/2023 22:29:02] 89p lost 1,200 Coins by CONSOLE. New balance: 0⛃
[26/07/2023 22:29:12] 89p received 2,000 Coins from CONSOLE. New balance: 2,000⛃
[26/07/2023 22:29:14] 89p lost 2,000 Coins by CONSOLE. New balance: 0⛃
[26/07/2023 22:29:28] 89p received 4,000 Coins from CONSOLE. New balance: 4,000⛃
[26/07/2023 22:29:31] 89p lost 4,000 Coins by CONSOLE. New balance: 0⛃
[26/07/2023 22:29:39] 89p received 1,100 Coins from CONSOLE. New balance: 1,100⛃
[26/07/2023 22:29:43] 89p lost 1,100 Coins by CONSOLE. New balance: 0⛃
[26/07/2023 22:29:47] 89p received 3,300 Coins from CONSOLE. New balance: 3,300⛃
[26/07/2023 22:29:52] 89p lost 3,300 Coins by CONSOLE. New balance: 0⛃
[26/07/2023 22:30:05] 89p received 5,500 Coins from CONSOLE. New balance: 5,500⛃
[26/07/2023 22:30:10] 89p lost 5,500 Coins by CONSOLE. New balance: 0⛃
[26/07/2023 22:30:16] 89p received 11,000 Coins from CONSOLE. New balance: 11,000⛃
[26/07/2023 22:30:22] 89p lost 11,000 Coins by CONSOLE. New balance: 0⛃
[26/07/2023 22:30:27] 89p received 200 Coins from CONSOLE. New balance: 200⛃
[26/07/2023 22:30:29] 89p received 1,800 Coins from CONSOLE. New balance: 2,000⛃
[26/07/2023 22:30:31] 89p lost 2,000 Coins by CONSOLE. New balance: 0⛃
[26/07/2023 22:30:41] 89p received 6,000 Coins from CONSOLE. New balance: 6,000⛃
[26/07/2023 22:30:43] 89p lost 6,000 Coins by CONSOLE. New balance: 0⛃
[26/07/2023 22:30:49] 89p received 10,000 Coins from CONSOLE. New balance: 10,000⛃
[26/07/2023 22:30:51] 89p lost 10,000 Coins by CONSOLE. New balance: 0⛃
[26/07/2023 22:30:59] 89p received 20,000 Coins from CONSOLE. New balance: 20,000⛃
[26/07/2023 22:31:03] 89p lost 20,000 Coins by CONSOLE. New balance: 0⛃
[27/07/2023 18:52:40] Sloterr received 10,000 Coins from Sloterr. New balance: 10,000⛃
[27/07/2023 18:53:01] Sloterr lost 10,000 Coins by CONSOLE. New balance: 0⛃
[27/07/2023 18:53:24] Sloterr received 50,000 Coins from Sloterr. New balance: 50,000⛃
[27/07/2023 18:54:02] Sloterr lost 20,000 Coins by CONSOLE. New balance: 30,000⛃
[10/08/2023 20:01:42] 89p received 1,000 Coins from 89p. New balance: 1,000⛃
[10/08/2023 20:01:52] 89p lost 400 Coins by CONSOLE. New balance: 600⛃
[10/08/2023 20:01:58] 89p received 2,000 Coins from 89p. New balance: 2,600⛃
[10/08/2023 20:02:02] 89p lost 2,000 Coins by CONSOLE. New balance: 600⛃
[10/08/2023 20:02:08] 89p received 6,000 Coins from 89p. New balance: 6,600⛃
[10/08/2023 20:02:14] 89p lost 3,600 Coins by CONSOLE. New balance: 3,000⛃
[10/08/2023 20:02:19] 89p received 6,000 Coins from 89p. New balance: 9,000⛃
[10/08/2023 20:02:29] 89p lost 6,000 Coins by CONSOLE. New balance: 3,000⛃
[10/08/2023 20:41:02] 89p lost 2,800 Coins by CONSOLE. New balance: 200⛃
[20/08/2023 00:08:05] 89p received 1,000 Coins from 89p. New balance: 1,200⛃
[20/08/2023 00:08:08] 89p lost 400 Coins by CONSOLE. New balance: 800⛃
[20/08/2023 00:08:34] 89p lost 400 Coins by CONSOLE. New balance: 400⛃
[21/08/2023 18:55:29] 89p received 100 Coins from 89p. New balance: 500⛃
[23/08/2023 16:27:48] Sloterr lost 30,000 Coins by Sloterr. New balance: 0⛃
[23/08/2023 16:29:36] Sloterr received 250 Coins from CONSOLE. New balance: 250⛃
[23/08/2023 16:45:51] Sloterr's Coins balance set to 400 by Sloterr. New balance: 400⛃
[23/08/2023 16:45:54] Sloterr lost 400 Coins by CONSOLE. New balance: 0⛃
[23/08/2023 18:44:14] Kos_97 received 1,500 Coins from CONSOLE. New balance: 1,500⛃
[23/08/2023 18:44:16] Kos_97 received 1,500 Coins from CONSOLE. New balance: 3,000⛃
[23/08/2023 18:44:17] Kos_97 received 1,500 Coins from CONSOLE. New balance: 4,500⛃
[23/08/2023 18:44:43] Kos_97 received 1,200 Coins from CONSOLE. New balance: 5,700⛃
[23/08/2023 18:45:15] Kos_97 received 2,000 Coins from CONSOLE. New balance: 7,700⛃
[23/08/2023 18:47:06] 89p received 1,200 Coins from CONSOLE. New balance: 1,700⛃
[23/08/2023 18:47:09] 89p received 2,000 Coins from CONSOLE. New balance: 3,700⛃
[23/08/2023 18:47:14] 89p received 1,500 Coins from CONSOLE. New balance: 5,200⛃
[23/08/2023 18:47:17] 89p received 1,200 Coins from CONSOLE. New balance: 6,400⛃
[23/08/2023 18:47:19] 89p received 1,500 Coins from CONSOLE. New balance: 7,900⛃
[23/08/2023 18:47:24] 89p received 2,000 Coins from CONSOLE. New balance: 9,900⛃
[23/08/2023 19:08:51] Extant received 1,000 Coins from 89p. New balance: 1,000⛃
[23/08/2023 19:09:10] Extant lost 500 Coins by CONSOLE. New balance: 500⛃
[23/08/2023 19:10:12] Extant received 1,000 Coins from 89p. New balance: 1,500⛃
[23/08/2023 19:10:24] Extant lost 500 Coins by CONSOLE. New balance: 1,000⛃
[25/08/2023 20:01:14] 89p received 2,000 Coins from CONSOLE. New balance: 11,900⛃
[25/08/2023 20:09:47] oxti received 1,500 Coins from CONSOLE. New balance: 1,500⛃
[25/08/2023 20:09:49] oxti received 2,000 Coins from CONSOLE. New balance: 3,500⛃
[25/08/2023 20:17:48] oxti received 1,200 Coins from CONSOLE. New balance: 4,700⛃
[25/08/2023 20:17:50] oxti received 1,500 Coins from CONSOLE. New balance: 6,200⛃
[25/08/2023 20:17:50] oxti received 1,200 Coins from CONSOLE. New balance: 7,400⛃
[25/08/2023 20:17:51] oxti received 1,200 Coins from CONSOLE. New balance: 8,600⛃
[25/08/2023 20:17:52] oxti received 1,500 Coins from CONSOLE. New balance: 10,100⛃
[25/08/2023 20:18:05] oxti received 1,500 Coins from CONSOLE. New balance: 11,600⛃
[25/08/2023 20:48:24] 89p received 100 Coins from CONSOLE. New balance: 12,000⛃
[25/08/2023 20:50:12] 89p lost 400 Coins by CONSOLE. New balance: 11,600⛃
[25/08/2023 20:50:14] 89p lost 400 Coins by CONSOLE. New balance: 11,200⛃
[25/08/2023 21:00:27] oxti received 10,000 Coins from 89p. New balance: 21,600⛃
[25/08/2023 21:00:36] oxti lost 20,000 Coins by CONSOLE. New balance: 1,600⛃
[25/08/2023 21:01:12] oxti received 250 Coins from CONSOLE. New balance: 1,850⛃
[25/08/2023 21:01:12] oxti received 250 Coins from CONSOLE. New balance: 2,100⛃
[25/08/2023 23:49:53] Extant lost 500 Coins by CONSOLE. New balance: 500⛃
[26/08/2023 18:50:51] 89p lost 2,000 Coins by CONSOLE. New balance: 9,200⛃
[01/09/2023 16:10:31] 89p received 500 Coins from CONSOLE. New balance: 9,700⛃
[01/09/2023 16:10:32] 89p received 500 Coins from CONSOLE. New balance: 10,200⛃
[01/09/2023 16:10:33] 89p received 500 Coins from CONSOLE. New balance: 10,700⛃
[01/09/2023 16:10:34] 89p received 1,000 Coins from CONSOLE. New balance: 11,700⛃
[01/09/2023 16:26:31] Extant received 1,000 Coins from 89p. New balance: 1,500⛃
[01/09/2023 16:27:26] Extant lost 500 Coins by CONSOLE. New balance: 1,000⛃
[01/09/2023 16:27:55] Extant lost 500 Coins by CONSOLE. New balance: 500⛃
[03/09/2023 20:42:18] oxti received 100,000 Coins from 89p. New balance: 102,100⛃
[03/09/2023 20:42:22] gingerbread2005 received 100,000 Coins from 89p. New balance: 100,000⛃
[03/09/2023 20:42:52] oxti lost 1,000 Coins by CONSOLE. New balance: 101,100⛃
[03/09/2023 20:43:07] oxti lost 1,200 Coins by CONSOLE. New balance: 99,900⛃
[03/09/2023 20:43:32] oxti lost 500 Coins by CONSOLE. New balance: 99,400⛃
[03/09/2023 20:43:49] oxti lost 20,000 Coins by CONSOLE. New balance: 79,400⛃
[03/09/2023 20:46:35] oxti lost 3,200 Coins by CONSOLE. New balance: 76,200⛃
[03/09/2023 20:46:43] oxti lost 6,000 Coins by CONSOLE. New balance: 70,200⛃
[03/09/2023 20:46:49] oxti lost 500 Coins by CONSOLE. New balance: 69,700⛃
[03/09/2023 20:47:33] Zac25zac received 200,000 Coins from 89p. New balance: 200,000⛃
[03/09/2023 20:48:04] gingerbread2005 lost 20,000 Coins by CONSOLE. New balance: 80,000⛃
[03/09/2023 20:48:30] oxti lost 1,000 Coins by CONSOLE. New balance: 68,700⛃
[03/09/2023 20:49:07] Zac25zac lost 500 Coins by CONSOLE. New balance: 199,500⛃
[03/09/2023 20:49:09] Zac25zac lost 500 Coins by CONSOLE. New balance: 199,000⛃
[03/09/2023 20:49:12] Zac25zac lost 500 Coins by CONSOLE. New balance: 198,500⛃
[03/09/2023 20:49:15] Zac25zac lost 500 Coins by CONSOLE. New balance: 198,000⛃
[03/09/2023 20:49:17] Zac25zac lost 500 Coins by CONSOLE. New balance: 197,500⛃
[03/09/2023 20:49:19] oxti lost 500 Coins by CONSOLE. New balance: 68,200⛃
[03/09/2023 20:49:32] gingerbread2005 lost 20,000 Coins by CONSOLE. New balance: 60,000⛃
[03/09/2023 20:49:33] oxti lost 1,000 Coins by CONSOLE. New balance: 67,200⛃
[03/09/2023 20:49:42] oxti lost 1,000 Coins by CONSOLE. New balance: 66,200⛃
[03/09/2023 20:49:59] oxti lost 500 Coins by CONSOLE. New balance: 65,700⛃
[03/09/2023 20:50:08] Zac25zac lost 500 Coins by CONSOLE. New balance: 197,000⛃
[03/09/2023 20:50:10] Zac25zac lost 500 Coins by CONSOLE. New balance: 196,500⛃
[03/09/2023 20:50:12] Zac25zac lost 500 Coins by CONSOLE. New balance: 196,000⛃
[03/09/2023 20:50:14] Zac25zac lost 500 Coins by CONSOLE. New balance: 195,500⛃
[03/09/2023 20:50:16] Zac25zac lost 500 Coins by CONSOLE. New balance: 195,000⛃
[03/09/2023 20:50:51] Zac25zac lost 4,000 Coins by CONSOLE. New balance: 191,000⛃
[03/09/2023 20:50:58] Zac25zac lost 2,000 Coins by CONSOLE. New balance: 189,000⛃
[03/09/2023 20:51:01] Zac25zac lost 11,000 Coins by CONSOLE. New balance: 178,000⛃
[03/09/2023 20:51:04] Zac25zac lost 20,000 Coins by CONSOLE. New balance: 158,000⛃
[03/09/2023 20:51:19] Zac25zac lost 400 Coins by CONSOLE. New balance: 157,600⛃
[03/09/2023 20:51:58] oxti lost 20,000 Coins by CONSOLE. New balance: 45,700⛃
[03/09/2023 20:52:21] oxti lost 20,000 Coins by CONSOLE. New balance: 25,700⛃
[03/09/2023 20:52:37] oxti lost 20,000 Coins by CONSOLE. New balance: 5,700⛃
[03/09/2023 20:52:39] Zac25zac lost 1,000 Coins by CONSOLE. New balance: 156,600⛃
[03/09/2023 20:53:24] oxti received 1,000,000 Coins from 89p. New balance: 1,005,700⛃
[03/09/2023 20:53:30] oxti lost 20,000 Coins by CONSOLE. New balance: 985,700⛃
[03/09/2023 20:53:34] oxti lost 20,000 Coins by CONSOLE. New balance: 965,700⛃
[03/09/2023 20:53:38] oxti lost 20,000 Coins by CONSOLE. New balance: 945,700⛃
[03/09/2023 20:53:43] oxti lost 20,000 Coins by CONSOLE. New balance: 925,700⛃
[03/09/2023 20:53:46] oxti received 1,000 Coins from CONSOLE. New balance: 926,700⛃
[03/09/2023 20:53:46] oxti received 500 Coins from CONSOLE. New balance: 927,200⛃
[03/09/2023 20:53:46] oxti received 500 Coins from CONSOLE. New balance: 927,700⛃
[03/09/2023 20:55:46] oxti lost 20,000 Coins by CONSOLE. New balance: 907,700⛃
[03/09/2023 20:56:58] oxti lost 6,000 Coins by CONSOLE. New balance: 901,700⛃
[03/09/2023 20:57:11] oxti lost 3,200 Coins by CONSOLE. New balance: 898,500⛃
[03/09/2023 20:57:18] oxti lost 20,000 Coins by CONSOLE. New balance: 878,500⛃
[03/09/2023 20:57:22] oxti received 1,000 Coins from CONSOLE. New balance: 879,500⛃
[03/09/2023 21:04:42] Zac25zac lost 1,400 Coins by CONSOLE. New balance: 155,200⛃
[03/09/2023 21:14:14] Zac25zac lost 20,000 Coins by CONSOLE. New balance: 135,200⛃
[03/09/2023 21:14:20] Zac25zac lost 20,000 Coins by CONSOLE. New balance: 115,200⛃
[03/09/2023 21:14:38] Zac25zac lost 20,000 Coins by CONSOLE. New balance: 95,200⛃
[03/09/2023 21:14:41] Zac25zac lost 20,000 Coins by CONSOLE. New balance: 75,200⛃
[03/09/2023 21:14:54] Zac25zac received 100 Coins from CONSOLE. New balance: 75,300⛃
[03/09/2023 21:15:39] Zac25zac lost 20,000 Coins by CONSOLE. New balance: 55,300⛃
[03/09/2023 21:16:10] Zac25zac lost 20,000 Coins by CONSOLE. New balance: 35,300⛃
[03/09/2023 21:18:52] Zac25zac lost 1,200 Coins by CONSOLE. New balance: 34,100⛃
[03/09/2023 21:18:55] Zac25zac lost 3,000 Coins by CONSOLE. New balance: 31,100⛃
[03/09/2023 21:18:57] Zac25zac lost 1,000 Coins by CONSOLE. New balance: 30,100⛃
[03/09/2023 21:19:29] Zac25zac lost 6,000 Coins by CONSOLE. New balance: 24,100⛃
[03/09/2023 21:24:15] oxti lost 3,200 Coins by CONSOLE. New balance: 876,300⛃
[03/09/2023 21:24:17] oxti lost 3,200 Coins by CONSOLE. New balance: 873,100⛃
[03/09/2023 21:24:20] oxti lost 3,200 Coins by CONSOLE. New balance: 869,900⛃
[03/09/2023 21:24:24] oxti lost 3,200 Coins by CONSOLE. New balance: 866,700⛃
[03/09/2023 21:24:27] oxti lost 3,200 Coins by CONSOLE. New balance: 863,500⛃
[03/09/2023 21:24:30] oxti lost 3,200 Coins by CONSOLE. New balance: 860,300⛃
[03/09/2023 21:24:33] oxti lost 3,200 Coins by CONSOLE. New balance: 857,100⛃
[03/09/2023 21:27:29] oxti lost 3,200 Coins by CONSOLE. New balance: 853,900⛃
[03/09/2023 21:27:31] oxti lost 3,200 Coins by CONSOLE. New balance: 850,700⛃
[03/09/2023 21:27:34] oxti lost 3,200 Coins by CONSOLE. New balance: 847,500⛃
[03/09/2023 21:27:36] oxti lost 3,200 Coins by CONSOLE. New balance: 844,300⛃
[03/09/2023 21:27:39] oxti lost 3,200 Coins by CONSOLE. New balance: 841,100⛃
[03/09/2023 21:27:42] oxti lost 3,200 Coins by CONSOLE. New balance: 837,900⛃
[03/09/2023 21:27:45] oxti lost 3,200 Coins by CONSOLE. New balance: 834,700⛃
[03/09/2023 21:27:50] oxti lost 3,200 Coins by CONSOLE. New balance: 831,500⛃
[03/09/2023 21:27:53] oxti lost 3,200 Coins by CONSOLE. New balance: 828,300⛃
[03/09/2023 21:27:57] oxti lost 3,200 Coins by CONSOLE. New balance: 825,100⛃
[03/09/2023 21:28:00] oxti lost 3,200 Coins by CONSOLE. New balance: 821,900⛃
[03/09/2023 21:28:03] oxti lost 3,200 Coins by CONSOLE. New balance: 818,700⛃
[03/09/2023 21:28:06] oxti lost 3,200 Coins by CONSOLE. New balance: 815,500⛃
[03/09/2023 21:28:08] oxti lost 3,200 Coins by CONSOLE. New balance: 812,300⛃
