[29.09.2023 19:32:04][serveritem][give] Sloterr obtained 1 of s1 (xFFFFFF? x8600EF? x910BF0Sx9C15F1oxA720F2uxB22AF3lxBD35F4s xC83FF4SxD34AF5wxDE54F6oxE95FF7rxF469F8d xFF74F9?)
[29.09.2023 19:32:05][serveritem][give] Sloterr obtained 1 of s2 (xFFFFFF? x8600EF? x8F09F0Sx9912F1oxA21BF1uxAB24F2lxB52DF3s xBE36F4PxC73EF4ixD047F5cxDA50F6kxE359F7axEC62F7xxF66BF8e xFF74F9?)
[29.09.2023 19:32:05][serveritem][give] Sloterr obtained 1 of s3 (xFFFFFF? x8600EF? x930DF0SxA11AF1oxAE27F2uxBC34F3lxC940F5s xD74DF6AxE45AF7xxF267F8e xFF74F9?)
[29.09.2023 19:47:31][serveritem][give] Sloterr obtained 1 of s1 (x8600EF? )
[29.09.2023 19:50:00][serveritem][give] Sloterr obtained 1 of s1 ({"extra":[{"bold":false,"italic":false,"underlined":false,"strikethrough":false,"obfuscated":false,"color":"#ffffff"},{"bold":false,"italic":false,"underlined":false,"strikethrough":false,"obfuscated":false,"color":"#8600EF","text":"? "},{"bold":false,"italic":false,"underlined":false,"strikethrough":false,"obfuscated":false,"color":"#910BF0","text":"S"},{"bold":false,"italic":false,"underlined":false,"strikethrough":false,"obfuscated":false,"color":"#9C15F1","text":"o"},{"bold":false,"italic":false,"underlined":false,"strikethrough":false,"obfuscated":false,"color":"#A720F2","text":"u"},{"bold":false,"italic":false,"underlined":false,"strikethrough":false,"obfuscated":false,"color":"#B22AF3","text":"l"},{"bold":false,"italic":false,"underlined":false,"strikethrough":false,"obfuscated":false,"color":"#BD35F4","text":"s "},{"bold":false,"italic":false,"underlined":false,"strikethrough":false,"obfuscated":false,"color":"#C83FF4","text":"S"},{"bold":false,"italic":false,"underlined":false,"strikethrough":false,"obfuscated":false,"color":"#D34AF5","text":"w"},{"bold":false,"italic":false,"underlined":false,"strikethrough":false,"obfuscated":false,"color":"#DE54F6","text":"o"},{"bold":false,"italic":false,"underlined":false,"strikethrough":false,"obfuscated":false,"color":"#E95FF7","text":"r"},{"bold":false,"italic":false,"underlined":false,"strikethrough":false,"obfuscated":false,"color":"#F469F8","text":"d "},{"bold":false,"italic":false,"underlined":false,"strikethrough":false,"obfuscated":false,"color":"#FF74F9","text":"?"}],"text":""})
[29.09.2023 19:52:02][serveritem][give] Sloterr obtained 1 of s1 (xFFFFFF? x8600EF? x910BF0Sx9C15F1oxA720F2uxB22AF3lxBD35F4s xC83FF4SxD34AF5wxDE54F6oxE95FF7rxF469F8d xFF74F9?)
[29.09.2023 20:05:01][serveritem][give] Sloterr obtained 1 of s2 (xFFFFFF? x8600EF? x8F09F0Sx9912F1oxA21BF1uxAB24F2lxB52DF3s xBE36F4PxC73EF4ixD047F5cxDA50F6kxE359F7axEC62F7xxF66BF8e xFF74F9?)
[29.09.2023 20:05:02][serveritem][give] Sloterr obtained 1 of s3 (xFFFFFF? x8600EF? x930DF0SxA11AF1oxAE27F2uxBC34F3lxC940F5s xD74DF6AxE45AF7xxF267F8e xFF74F9?)
[29.09.2023 20:05:02][serveritem][give] Sloterr obtained 1 of s4 (xFFFFFF? x8600EF? x930DF0SxA11AF1oxAE27F2uxBC34F3lxC940F5s xD74DF6HxE45AF7oxF267F8e xFF74F9?)
[29.09.2023 20:05:03][serveritem][give] Sloterr obtained 1 of s5 (xFFFFFF? x8600EF? x900AF0Sx9A13F1oxA41DF2uxAE27F2lxB830F3s xC33AF4SxCD44F5hxD74DF6oxE157F7vxEB61F7exF56AF8l xFF74F9?)
[29.09.2023 20:05:03][serveritem][give] Sloterr obtained 1 of s6 (xFFFFFF? x8600EF? x900AF0Sx9A13F1oxA41DF2uxAE27F2lxB830F3s xC33AF4HxCD44F5exD74DF6lxE157F7mxEB61F7exF56AF8t xFF74F9?)
[29.09.2023 20:05:04][serveritem][give] Sloterr obtained 1 of s7 (xFFFFFF? x8600EF? x8E07F0Sx950FF0ox9D16F1uxA41DF2lxAC24F2s xB32CF3CxBB33F3hxC33AF4exCA41F5sxD249F5txD950F6pxE157F7lxE85EF7axF066F8txF76DF8e xFF74F9?)
[29.09.2023 20:05:04][serveritem][give] Sloterr obtained 1 of s8 (xFFFFFF? x8600EF? x8F08F0Sx9711F0oxA019F1uxA921F2lxB129F3s xBA32F3LxC33AF4exCB42F5gxD44BF5gxDC53F6ixE55BF7nxEE63F8gxF66CF8s xFF74F9?)
[29.09.2023 20:05:05][serveritem][give] Sloterr obtained 1 of s9 (xFFFFFF? x8600EF? x910BF0Sx9C15F1oxA720F2uxB22AF3lxBD35F4s xC83FF4BxD34AF5oxDE54F6oxE95FF7txF469F8s xFF74F9?)
[29.09.2023 20:05:06][serveritem][give] Sloterr obtained 1 of s10 (xFFFFFF? x8600EF? x8F08F0Sx9711F0oxA019F1uxA921F2lxB129F3s xBA32F3CxC33AF4rxCB42F5oxD44BF5sxDC53F6sxE55BF7bxEE63F8oxF66CF8w xFF74F9?)
[29.09.2023 20:06:03][serveritem][give] Sloterr obtained 1 of s11 (xFFFFFF? x8600EF? x930DF0SxA11AF1oxAE27F2uxBC34F3lxC940F5s xD74DF6BxE45AF7oxF267F8w xFF74F9?)
[29.09.2023 20:06:03][serveritem][give] Sloterr obtained 1 of s12 (xFFFFFF? x8600EF? x8F09F0Sx9912F1oxA21BF1uxAB24F2lxB52DF3s xBE36F4TxC73EF4rxD047F5ixDA50F6dxE359F7exEC62F7nxF66BF8t xFF74F9?)
[29.09.2023 20:06:03][serveritem][give] Sloterr obtained 1 of s13 (xFFFFFF? x8600EF? x8E07F0Sx950FF0ox9D16F1uxA41DF2lxAC24F2s xB32CF3FxBB33F3ixC33AF4sxCA41F5hxD249F5ixD950F6nxE157F7g xE85EF7RxF066F8oxF76DF8d xFF74F9?)
[29.09.2023 20:17:57][serveritem][give] Sloterr obtained 1 of s1 (xFFFFFF? x8600EF? x910BF0Sx9C15F1oxA720F2uxB22AF3lxBD35F4s xC83FF4SxD34AF5wxDE54F6oxE95FF7rxF469F8d xFF74F9?)
[29.09.2023 20:18:09][serveritem][give] Sloterr obtained 1 of s1 (x0073FB? x0D78FBSx197DFCox2682FCux3387FClx3F8CFDs x4C92FDSx5897FEwx659CFEox72A1FErx7EA6FFd x8BABFF?)
[29.09.2023 20:18:17][serveritem][give] Sloterr obtained 1 of s2 (xFFFFFF? x8600EF? x8F09F0Sx9912F1oxA21BF1uxAB24F2lxB52DF3s xBE36F4PxC73EF4ixD047F5cxDA50F6kxE359F7axEC62F7xxF66BF8e xFF74F9?)
[29.09.2023 20:18:18][serveritem][give] Sloterr obtained 1 of s3 (xFFFFFF? x8600EF? x930DF0SxA11AF1oxAE27F2uxBC34F3lxC940F5s xD74DF6AxE45AF7xxF267F8e xFF74F9?)
[29.09.2023 20:18:20][serveritem][give] Sloterr obtained 1 of s4 (xFFFFFF? x8600EF? x930DF0SxA11AF1oxAE27F2uxBC34F3lxC940F5s xD74DF6HxE45AF7oxF267F8e xFF74F9?)
[29.09.2023 20:18:21][serveritem][give] Sloterr obtained 1 of s5 (xFFFFFF? x8600EF? x900AF0Sx9A13F1oxA41DF2uxAE27F2lxB830F3s xC33AF4SxCD44F5hxD74DF6oxE157F7vxEB61F7exF56AF8l xFF74F9?)
[29.09.2023 20:18:23][serveritem][give] Sloterr obtained 1 of s6 (xFFFFFF? x8600EF? x900AF0Sx9A13F1oxA41DF2uxAE27F2lxB830F3s xC33AF4HxCD44F5exD74DF6lxE157F7mxEB61F7exF56AF8t xFF74F9?)
[29.09.2023 20:18:25][serveritem][give] Sloterr obtained 1 of s7 (xFFFFFF? x8600EF? x8E07F0Sx950FF0ox9D16F1uxA41DF2lxAC24F2s xB32CF3CxBB33F3hxC33AF4exCA41F5sxD249F5txD950F6pxE157F7lxE85EF7axF066F8txF76DF8e xFF74F9?)
[29.09.2023 20:18:29][serveritem][give] Sloterr obtained 1 of s8 (xFFFFFF? x8600EF? x8F08F0Sx9711F0oxA019F1uxA921F2lxB129F3s xBA32F3LxC33AF4exCB42F5gxD44BF5gxDC53F6ixE55BF7nxEE63F8gxF66CF8s xFF74F9?)
[29.09.2023 20:18:33][serveritem][give] Sloterr obtained 1 of s9 (xFFFFFF? x8600EF? x910BF0Sx9C15F1oxA720F2uxB22AF3lxBD35F4s xC83FF4BxD34AF5oxDE54F6oxE95FF7txF469F8s xFF74F9?)
[29.09.2023 20:19:16][serveritem][give] Sloterr obtained 1 of s9 (x0073FB? x0D78FBSx197DFCox2682FCux3387FClx3F8CFDs x4C92FDBx5897FEox659CFEox72A1FEtx7EA6FFs x8BABFF?)
[29.09.2023 20:19:33][serveritem][give] Sloterr obtained 1 of s10 (xFFFFFF? x8600EF? x8F08F0Sx9711F0oxA019F1uxA921F2lxB129F3s xBA32F3CxC33AF4rxCB42F5oxD44BF5sxDC53F6sxE55BF7bxEE63F8oxF66CF8w xFF74F9?)
[29.09.2023 20:19:35][serveritem][give] Sloterr obtained 1 of s11 (xFFFFFF? x8600EF? x930DF0SxA11AF1oxAE27F2uxBC34F3lxC940F5s xD74DF6BxE45AF7oxF267F8w xFF74F9?)
[29.09.2023 20:19:36][serveritem][give] Sloterr obtained 1 of s12 (xFFFFFF? x8600EF? x8F09F0Sx9912F1oxA21BF1uxAB24F2lxB52DF3s xBE36F4TxC73EF4rxD047F5ixDA50F6dxE359F7exEC62F7nxF66BF8t xFF74F9?)
[29.09.2023 20:19:38][serveritem][give] Sloterr obtained 1 of s13 (xFFFFFF? x8600EF? x8E07F0Sx950FF0ox9D16F1uxA41DF2lxAC24F2s xB32CF3FxBB33F3ixC33AF4sxCA41F5hxD249F5ixD950F6nxE157F7g xE85EF7RxF066F8oxF76DF8d xFF74F9?)
[29.09.2023 20:19:39][serveritem][give] Sloterr obtained 1 of s14 (xFFFFFF? xEF0000RxF63300axFC6501ixFB9701nxF3C700bxDEF200ox7FF800w x20FD00Ax04F924rx01EF55mx00E27Eox00CB91r x00B4A3Bx009FA6ux0089A5nx0079B5dx006FDAlx0066FFe)
[29.09.2023 20:20:03][serveritem][give] Sloterr obtained 1 of s10 (xFFFFFF? x8600EF? x8F08F0Sx9711F0oxA019F1uxA921F2lxB129F3s xBA32F3CxC33AF4rxCB42F5oxD44BF5sxDC53F6sxE55BF7bxEE63F8oxF66CF8w xFF74F9?)
[29.09.2023 20:20:40][serveritem][give] Sloterr obtained 1 of s1 (x0073FB? x0D78FBSx197DFCox2682FCux3387FClx3F8CFDs x4C92FDSx5897FEwx659CFEox72A1FErx7EA6FFd x8BABFF?)
[29.09.2023 20:20:41][serveritem][give] Sloterr obtained 1 of s2 (x0073FB? x0B77FBSx157CFCox2080FCux2B84FClx3589FDs x408DFDPx4B91FDix5695FDcx609AFEkx6B9EFEax76A2FExx80A7FFe x8BABFF?)
[29.09.2023 20:20:42][serveritem][give] Sloterr obtained 1 of s3 (x0073FB? x0F79FBSx1F7FFCox2E86FCux3E8CFDlx4D92FDs x5D98FEAx6C9FFExx7CA5FFe x8BABFF?)
[29.09.2023 20:21:06][serveritem][give] Sloterr obtained 1 of s1 (x0073FB? x0D78FBSx197DFCox2682FCux3387FClx3F8CFDs x4C92FDSx5897FEwx659CFEox72A1FErx7EA6FFd x8BABFF?)
[29.09.2023 20:21:07][serveritem][give] Sloterr obtained 1 of s2 (x0073FB? x0B77FBSx157CFCox2080FCux2B84FClx3589FDs x408DFDPx4B91FDix5695FDcx609AFEkx6B9EFEax76A2FExx80A7FFe x8BABFF?)
[29.09.2023 20:21:09][serveritem][give] Sloterr obtained 1 of s3 (x0073FB? x0F79FBSx1F7FFCox2E86FCux3E8CFDlx4D92FDs x5D98FEAx6C9FFExx7CA5FFe x8BABFF?)
[29.09.2023 20:21:10][serveritem][give] Sloterr obtained 1 of s4 (x0073FB? x0F79FBSx1F7FFCox2E86FCux3E8CFDlx4D92FDs x5D98FEHx6C9FFEox7CA5FFe x8BABFF?)
[29.09.2023 20:21:12][serveritem][give] Sloterr obtained 1 of s5 (x0073FB? x0C78FBSx177CFCox2381FCux2E86FClx3A8AFDs x468FFDSx5194FDhx5D98FEox689DFEvx74A2FEex7FA6FFl x8BABFF?)
[29.09.2023 20:21:15][serveritem][give] Sloterr obtained 1 of s6 (x0073FB? x0C78FBSx177CFCox2381FCux2E86FClx3A8AFDs x468FFDHx5194FDex5D98FElx689DFEmx74A2FEex7FA6FFt x8BABFF?)
[29.09.2023 20:21:17][serveritem][give] Sloterr obtained 1 of s7 (x0073FB? x0977FBSx117AFCox1A7EFCux2381FClx2B85FCs x3488FDCx3D8CFDhx468FFDex4E93FDsx5796FEtx609AFEpx689DFElx71A1FEax7AA4FFtx82A8FFe x8BABFF?)
[29.09.2023 20:21:19][serveritem][give] Sloterr obtained 1 of s8 (x0073FB? x0A77FBSx147BFCox1E7FFCux2883FClx3287FCs x3C8BFDLx468FFDex4F93FDgx5997FEgx639BFEix6D9FFEnx77A3FEgx81A7FFs x8BABFF?)
[29.09.2023 20:21:21][serveritem][give] Sloterr obtained 1 of s9 (x0073FB? x0D78FBSx197DFCox2682FCux3387FClx3F8CFDs x4C92FDBx5897FEox659CFEox72A1FEtx7EA6FFs x8BABFF?)
[29.09.2023 20:21:22][serveritem][give] Sloterr obtained 1 of s10 (x0073FB? x0A77FBSx147BFCox1E7FFCux2883FClx3287FCs x3C8BFDCx468FFDrx4F93FDox5997FEsx639BFEsx6D9FFEbx77A3FEox81A7FFw x8BABFF?)
[29.09.2023 20:21:23][serveritem][give] Sloterr obtained 1 of s11 (x0073FB? x0F79FBSx1F7FFCox2E86FCux3E8CFDlx4D92FDs x5D98FEBx6C9FFEox7CA5FFw x8BABFF?)
[29.09.2023 20:21:24][serveritem][give] Sloterr obtained 1 of s12 (x0073FB? x0B77FBSx157CFCox2080FCux2B84FClx3589FDs x408DFDTx4B91FDrx5695FDix609AFEdx6B9EFEex76A2FEnx80A7FFt x8BABFF?)
[29.09.2023 20:21:25][serveritem][give] Sloterr obtained 1 of s13 (x0073FB? x0977FBSx117AFCox1A7EFCux2381FClx2B85FCs x3488FDFx3D8CFDix468FFDsx4E93FDhx5796FEix609AFEnx689DFEg x71A1FERx7AA4FFox82A8FFd x8BABFF?)
[29.09.2023 20:21:41][serveritem][give] Sloterr obtained 1 of s1 (x0073FB? x0D78FBSx197DFCox2682FCux3387FClx3F8CFDs x4C92FDSx5897FEwx659CFEox72A1FErx7EA6FFd x8BABFF?)
[29.09.2023 20:21:42][serveritem][give] Sloterr obtained 1 of s2 (x0073FB? x0B77FBSx157CFCox2080FCux2B84FClx3589FDs x408DFDPx4B91FDix5695FDcx609AFEkx6B9EFEax76A2FExx80A7FFe x8BABFF?)
[29.09.2023 20:21:42][serveritem][give] Sloterr obtained 1 of s3 (x0073FB? x0F79FBSx1F7FFCox2E86FCux3E8CFDlx4D92FDs x5D98FEAx6C9FFExx7CA5FFe x8BABFF?)
[29.09.2023 20:21:42][serveritem][give] Sloterr obtained 1 of s4 (x0073FB? x0F79FBSx1F7FFCox2E86FCux3E8CFDlx4D92FDs x5D98FEHx6C9FFEox7CA5FFe x8BABFF?)
[29.09.2023 20:21:43][serveritem][give] Sloterr obtained 1 of s5 (x0073FB? x0C78FBSx177CFCox2381FCux2E86FClx3A8AFDs x468FFDSx5194FDhx5D98FEox689DFEvx74A2FEex7FA6FFl x8BABFF?)
[29.09.2023 20:21:43][serveritem][give] Sloterr obtained 1 of s6 (x0073FB? x0C78FBSx177CFCox2381FCux2E86FClx3A8AFDs x468FFDHx5194FDex5D98FElx689DFEmx74A2FEex7FA6FFt x8BABFF?)
[29.09.2023 20:21:43][serveritem][give] Sloterr obtained 1 of s7 (x0073FB? x0977FBSx117AFCox1A7EFCux2381FClx2B85FCs x3488FDCx3D8CFDhx468FFDex4E93FDsx5796FEtx609AFEpx689DFElx71A1FEax7AA4FFtx82A8FFe x8BABFF?)
[29.09.2023 20:21:44][serveritem][give] Sloterr obtained 1 of s8 (x0073FB? x0A77FBSx147BFCox1E7FFCux2883FClx3287FCs x3C8BFDLx468FFDex4F93FDgx5997FEgx639BFEix6D9FFEnx77A3FEgx81A7FFs x8BABFF?)
[29.09.2023 20:21:44][serveritem][give] Sloterr obtained 1 of s9 (x0073FB? x0D78FBSx197DFCox2682FCux3387FClx3F8CFDs x4C92FDBx5897FEox659CFEox72A1FEtx7EA6FFs x8BABFF?)
[29.09.2023 20:21:45][serveritem][give] Sloterr obtained 1 of s10 (x0073FB? x0A77FBSx147BFCox1E7FFCux2883FClx3287FCs x3C8BFDCx468FFDrx4F93FDox5997FEsx639BFEsx6D9FFEbx77A3FEox81A7FFw x8BABFF?)
[29.09.2023 20:21:45][serveritem][give] Sloterr obtained 1 of s11 (x0073FB? x0F79FBSx1F7FFCox2E86FCux3E8CFDlx4D92FDs x5D98FEBx6C9FFEox7CA5FFw x8BABFF?)
[29.09.2023 20:21:45][serveritem][give] Sloterr obtained 1 of s12 (x0073FB? x0B77FBSx157CFCox2080FCux2B84FClx3589FDs x408DFDTx4B91FDrx5695FDix609AFEdx6B9EFEex76A2FEnx80A7FFt x8BABFF?)
[29.09.2023 20:21:46][serveritem][give] Sloterr obtained 1 of s13 (x0073FB? x0977FBSx117AFCox1A7EFCux2381FClx2B85FCs x3488FDFx3D8CFDix468FFDsx4E93FDhx5796FEix609AFEnx689DFEg x71A1FERx7AA4FFox82A8FFd x8BABFF?)
[29.09.2023 20:32:20][serveritem][give] Sloterr obtained 1 of s1 (x0073FB? x0D78FBSx197DFCox2682FCux3387FClx3F8CFDs x4C92FDSx5897FEwx659CFEox72A1FErx7EA6FFd x8BABFF?)
[29.09.2023 20:46:57][serveritem][give] Sloterr obtained 1 of s1 (x0073FB? x0D78FBSx197DFCox2682FCux3387FClx3F8CFDs x4C92FDSx5897FEwx659CFEox72A1FErx7EA6FFd x8BABFF?)
[29.09.2023 20:46:58][serveritem][give] Sloterr obtained 1 of s2 (x0073FB? x0B77FBSx157CFCox2080FCux2B84FClx3589FDs x408DFDPx4B91FDix5695FDcx609AFEkx6B9EFEax76A2FExx80A7FFe x8BABFF?)
[29.09.2023 20:46:58][serveritem][give] Sloterr obtained 1 of s3 (x0073FB? x0F79FBSx1F7FFCox2E86FCux3E8CFDlx4D92FDs x5D98FEAx6C9FFExx7CA5FFe x8BABFF?)
[29.09.2023 20:46:59][serveritem][give] Sloterr obtained 1 of s4 (x0073FB? x0F79FBSx1F7FFCox2E86FCux3E8CFDlx4D92FDs x5D98FEHx6C9FFEox7CA5FFe x8BABFF?)
[29.09.2023 20:46:59][serveritem][give] Sloterr obtained 1 of s5 (x0073FB? x0C78FBSx177CFCox2381FCux2E86FClx3A8AFDs x468FFDSx5194FDhx5D98FEox689DFEvx74A2FEex7FA6FFl x8BABFF?)
[29.09.2023 20:47:02][serveritem][give] Sloterr obtained 1 of s5 (x0073FB? x0C78FBSx177CFCox2381FCux2E86FClx3A8AFDs x468FFDSx5194FDhx5D98FEox689DFEvx74A2FEex7FA6FFl x8BABFF?)
[29.09.2023 20:47:09][serveritem][give] Sloterr obtained 1 of s4 (x0073FB? x0F79FBSx1F7FFCox2E86FCux3E8CFDlx4D92FDs x5D98FEHx6C9FFEox7CA5FFe x8BABFF?)
[29.09.2023 20:47:26][serveritem][give] Sloterr obtained 1 of s5 (x0073FB? x0C78FBSx177CFCox2381FCux2E86FClx3A8AFDs x468FFDSx5194FDhx5D98FEox689DFEvx74A2FEex7FA6FFl x8BABFF?)
[29.09.2023 20:47:27][serveritem][give] Sloterr obtained 1 of s4 (x0073FB? x0F79FBSx1F7FFCox2E86FCux3E8CFDlx4D92FDs x5D98FEHx6C9FFEox7CA5FFe x8BABFF?)
[29.09.2023 20:47:30][serveritem][give] Sloterr obtained 1 of s6 (x0073FB? x0C78FBSx177CFCox2381FCux2E86FClx3A8AFDs x468FFDHx5194FDex5D98FElx689DFEmx74A2FEex7FA6FFt x8BABFF?)
[29.09.2023 20:47:30][serveritem][give] Sloterr obtained 1 of s7 (x0073FB? x0977FBSx117AFCox1A7EFCux2381FClx2B85FCs x3488FDCx3D8CFDhx468FFDex4E93FDsx5796FEtx609AFEpx689DFElx71A1FEax7AA4FFtx82A8FFe x8BABFF?)
[29.09.2023 20:47:31][serveritem][give] Sloterr obtained 1 of s8 (x0073FB? x0A77FBSx147BFCox1E7FFCux2883FClx3287FCs x3C8BFDLx468FFDex4F93FDgx5997FEgx639BFEix6D9FFEnx77A3FEgx81A7FFs x8BABFF?)
[29.09.2023 20:47:32][serveritem][give] Sloterr obtained 1 of s9 (x0073FB? x0D78FBSx197DFCox2682FCux3387FClx3F8CFDs x4C92FDBx5897FEox659CFEox72A1FEtx7EA6FFs x8BABFF?)
[29.09.2023 20:47:33][serveritem][give] Sloterr obtained 1 of s10 (x0073FB? x0A77FBSx147BFCox1E7FFCux2883FClx3287FCs x3C8BFDCx468FFDrx4F93FDox5997FEsx639BFEsx6D9FFEbx77A3FEox81A7FFw x8BABFF?)
[29.09.2023 20:47:34][serveritem][give] Sloterr obtained 1 of s11 (x0073FB? x0F79FBSx1F7FFCox2E86FCux3E8CFDlx4D92FDs x5D98FEBx6C9FFEox7CA5FFw x8BABFF?)
[29.09.2023 20:47:35][serveritem][give] Sloterr obtained 1 of s12 (x0073FB? x0B77FBSx157CFCox2080FCux2B84FClx3589FDs x408DFDTx4B91FDrx5695FDix609AFEdx6B9EFEex76A2FEnx80A7FFt x8BABFF?)
[29.09.2023 20:47:36][serveritem][give] Sloterr obtained 1 of s13 (x0073FB? x0977FBSx117AFCox1A7EFCux2381FClx2B85FCs x3488FDFx3D8CFDix468FFDsx4E93FDhx5796FEix609AFEnx689DFEg x71A1FERx7AA4FFox82A8FFd x8BABFF?)
[29.09.2023 20:47:40][serveritem][give] Sloterr obtained 1 of s1 (x0073FB? x0D78FBSx197DFCox2682FCux3387FClx3F8CFDs x4C92FDSx5897FEwx659CFEox72A1FErx7EA6FFd x8BABFF?)
[29.09.2023 20:47:41][serveritem][give] Sloterr obtained 1 of s2 (x0073FB? x0B77FBSx157CFCox2080FCux2B84FClx3589FDs x408DFDPx4B91FDix5695FDcx609AFEkx6B9EFEax76A2FExx80A7FFe x8BABFF?)
[29.09.2023 20:47:41][serveritem][give] Sloterr obtained 1 of s3 (x0073FB? x0F79FBSx1F7FFCox2E86FCux3E8CFDlx4D92FDs x5D98FEAx6C9FFExx7CA5FFe x8BABFF?)
[29.09.2023 20:47:41][serveritem][give] Sloterr obtained 1 of s4 (x0073FB? x0F79FBSx1F7FFCox2E86FCux3E8CFDlx4D92FDs x5D98FEHx6C9FFEox7CA5FFe x8BABFF?)
[29.09.2023 20:47:42][serveritem][give] Sloterr obtained 1 of s5 (x0073FB? x0C78FBSx177CFCox2381FCux2E86FClx3A8AFDs x468FFDSx5194FDhx5D98FEox689DFEvx74A2FEex7FA6FFl x8BABFF?)
[29.09.2023 20:47:42][serveritem][give] Sloterr obtained 1 of s6 (x0073FB? x0C78FBSx177CFCox2381FCux2E86FClx3A8AFDs x468FFDHx5194FDex5D98FElx689DFEmx74A2FEex7FA6FFt x8BABFF?)
[29.09.2023 20:47:42][serveritem][give] Sloterr obtained 1 of s7 (x0073FB? x0977FBSx117AFCox1A7EFCux2381FClx2B85FCs x3488FDCx3D8CFDhx468FFDex4E93FDsx5796FEtx609AFEpx689DFElx71A1FEax7AA4FFtx82A8FFe x8BABFF?)
[29.09.2023 20:47:43][serveritem][give] Sloterr obtained 1 of s8 (x0073FB? x0A77FBSx147BFCox1E7FFCux2883FClx3287FCs x3C8BFDLx468FFDex4F93FDgx5997FEgx639BFEix6D9FFEnx77A3FEgx81A7FFs x8BABFF?)
[29.09.2023 20:47:43][serveritem][give] Sloterr obtained 1 of s9 (x0073FB? x0D78FBSx197DFCox2682FCux3387FClx3F8CFDs x4C92FDBx5897FEox659CFEox72A1FEtx7EA6FFs x8BABFF?)
[29.09.2023 20:47:43][serveritem][give] Sloterr obtained 1 of s10 (x0073FB? x0A77FBSx147BFCox1E7FFCux2883FClx3287FCs x3C8BFDCx468FFDrx4F93FDox5997FEsx639BFEsx6D9FFEbx77A3FEox81A7FFw x8BABFF?)
[29.09.2023 20:47:44][serveritem][give] Sloterr obtained 1 of s11 (x0073FB? x0F79FBSx1F7FFCox2E86FCux3E8CFDlx4D92FDs x5D98FEBx6C9FFEox7CA5FFw x8BABFF?)
[29.09.2023 20:47:44][serveritem][give] Sloterr obtained 1 of s12 (x0073FB? x0B77FBSx157CFCox2080FCux2B84FClx3589FDs x408DFDTx4B91FDrx5695FDix609AFEdx6B9EFEex76A2FEnx80A7FFt x8BABFF?)
[29.09.2023 20:47:44][serveritem][give] Sloterr obtained 1 of s13 (x0073FB? x0977FBSx117AFCox1A7EFCux2381FClx2B85FCs x3488FDFx3D8CFDix468FFDsx4E93FDhx5796FEix609AFEnx689DFEg x71A1FERx7AA4FFox82A8FFd x8BABFF?)
[29.09.2023 20:47:51][serveritem][give] Sloterr obtained 1 of s4 (x0073FB? x0F79FBSx1F7FFCox2E86FCux3E8CFDlx4D92FDs x5D98FEHx6C9FFEox7CA5FFe x8BABFF?)
[29.09.2023 20:47:52][serveritem][give] Sloterr obtained 1 of s5 (x0073FB? x0C78FBSx177CFCox2381FCux2E86FClx3A8AFDs x468FFDSx5194FDhx5D98FEox689DFEvx74A2FEex7FA6FFl x8BABFF?)
[29.09.2023 20:48:12][serveritem][give] Sloterr obtained 1 of s9 (x0073FB? x0D78FBSx197DFCox2682FCux3387FClx3F8CFDs x4C92FDBx5897FEox659CFEox72A1FEtx7EA6FFs x8BABFF?)
[29.09.2023 20:48:16][serveritem][give] Sloterr obtained 1 of s4 (x0073FB? x0F79FBSx1F7FFCox2E86FCux3E8CFDlx4D92FDs x5D98FEHx6C9FFEox7CA5FFe x8BABFF?)
[29.09.2023 20:48:25][serveritem][give] Sloterr obtained 1 of s1 (x0073FB? x0D78FBSx197DFCox2682FCux3387FClx3F8CFDs x4C92FDSx5897FEwx659CFEox72A1FErx7EA6FFd x8BABFF?)
[29.09.2023 20:48:26][serveritem][give] Sloterr obtained 1 of s2 (x0073FB? x0B77FBSx157CFCox2080FCux2B84FClx3589FDs x408DFDPx4B91FDix5695FDcx609AFEkx6B9EFEax76A2FExx80A7FFe x8BABFF?)
[29.09.2023 20:48:27][serveritem][give] Sloterr obtained 1 of s3 (x0073FB? x0F79FBSx1F7FFCox2E86FCux3E8CFDlx4D92FDs x5D98FEAx6C9FFExx7CA5FFe x8BABFF?)
[29.09.2023 20:48:29][serveritem][give] Sloterr obtained 1 of s4 (x0073FB? x0F79FBSx1F7FFCox2E86FCux3E8CFDlx4D92FDs x5D98FEHx6C9FFEox7CA5FFe x8BABFF?)
[29.09.2023 20:49:06][serveritem][give] Sloterr obtained 1 of s1 (x0073FB? x0D78FBSx197DFCox2682FCux3387FClx3F8CFDs x4C92FDSx5897FEwx659CFEox72A1FErx7EA6FFd x8BABFF?)
[29.09.2023 20:49:07][serveritem][give] Sloterr obtained 1 of s2 (x0073FB? x0B77FBSx157CFCox2080FCux2B84FClx3589FDs x408DFDPx4B91FDix5695FDcx609AFEkx6B9EFEax76A2FExx80A7FFe x8BABFF?)
[29.09.2023 20:49:07][serveritem][give] Sloterr obtained 1 of s3 (x0073FB? x0F79FBSx1F7FFCox2E86FCux3E8CFDlx4D92FDs x5D98FEAx6C9FFExx7CA5FFe x8BABFF?)
[29.09.2023 20:49:08][serveritem][give] Sloterr obtained 1 of s4 (x0073FB? x0C78FBSx177CFCox2381FCux2E86FClx3A8AFDs x468FFDSx5194FDhx5D98FEox689DFEvx74A2FEex7FA6FFl x8BABFF?)
[29.09.2023 20:49:09][serveritem][give] Sloterr obtained 1 of s5 (x0073FB? x0F79FBSx1F7FFCox2E86FCux3E8CFDlx4D92FDs x5D98FEHx6C9FFEox7CA5FFe x8BABFF?)
[29.09.2023 20:49:09][serveritem][give] Sloterr obtained 1 of s6 (x0073FB? x0C78FBSx177CFCox2381FCux2E86FClx3A8AFDs x468FFDHx5194FDex5D98FElx689DFEmx74A2FEex7FA6FFt x8BABFF?)
[29.09.2023 20:49:10][serveritem][give] Sloterr obtained 1 of s7 (x0073FB? x0977FBSx117AFCox1A7EFCux2381FClx2B85FCs x3488FDCx3D8CFDhx468FFDex4E93FDsx5796FEtx609AFEpx689DFElx71A1FEax7AA4FFtx82A8FFe x8BABFF?)
[29.09.2023 20:49:11][serveritem][give] Sloterr obtained 1 of s8 (x0073FB? x0A77FBSx147BFCox1E7FFCux2883FClx3287FCs x3C8BFDLx468FFDex4F93FDgx5997FEgx639BFEix6D9FFEnx77A3FEgx81A7FFs x8BABFF?)
[29.09.2023 20:49:11][serveritem][give] Sloterr obtained 1 of s9 (x0073FB? x0D78FBSx197DFCox2682FCux3387FClx3F8CFDs x4C92FDBx5897FEox659CFEox72A1FEtx7EA6FFs x8BABFF?)
[29.09.2023 20:49:11][serveritem][give] Sloterr obtained 1 of s10 (x0073FB? x0A77FBSx147BFCox1E7FFCux2883FClx3287FCs x3C8BFDCx468FFDrx4F93FDox5997FEsx639BFEsx6D9FFEbx77A3FEox81A7FFw x8BABFF?)
[29.09.2023 20:49:12][serveritem][give] Sloterr obtained 1 of s11 (x0073FB? x0F79FBSx1F7FFCox2E86FCux3E8CFDlx4D92FDs x5D98FEBx6C9FFEox7CA5FFw x8BABFF?)
[29.09.2023 20:49:12][serveritem][give] Sloterr obtained 1 of s12 (x0073FB? x0B77FBSx157CFCox2080FCux2B84FClx3589FDs x408DFDTx4B91FDrx5695FDix609AFEdx6B9EFEex76A2FEnx80A7FFt x8BABFF?)
[29.09.2023 20:49:12][serveritem][give] Sloterr obtained 1 of s13 (x0073FB? x0977FBSx117AFCox1A7EFCux2381FClx2B85FCs x3488FDFx3D8CFDix468FFDsx4E93FDhx5796FEix609AFEnx689DFEg x71A1FERx7AA4FFox82A8FFd x8BABFF?)
[29.09.2023 22:43:48][serveritem][give] Sloterr obtained 1 of s1 (x0073FB? x0D78FBSx197DFCox2682FCux3387FClx3F8CFDs x4C92FDSx5897FEwx659CFEox72A1FErx7EA6FFd x8BABFF?)
[29.09.2023 22:43:49][serveritem][give] Sloterr obtained 1 of s2 (x0073FB? x0B77FBSx157CFCox2080FCux2B84FClx3589FDs x408DFDPx4B91FDix5695FDcx609AFEkx6B9EFEax76A2FExx80A7FFe x8BABFF?)
[29.09.2023 22:43:49][serveritem][give] Sloterr obtained 1 of s3 (x0073FB? x0F79FBSx1F7FFCox2E86FCux3E8CFDlx4D92FDs x5D98FEAx6C9FFExx7CA5FFe x8BABFF?)
[29.09.2023 22:43:50][serveritem][give] Sloterr obtained 1 of s4 (x0073FB? x0C78FBSx177CFCox2381FCux2E86FClx3A8AFDs x468FFDSx5194FDhx5D98FEox689DFEvx74A2FEex7FA6FFl x8BABFF?)
[29.09.2023 22:43:50][serveritem][give] Sloterr obtained 1 of s5 (x0073FB? x0F79FBSx1F7FFCox2E86FCux3E8CFDlx4D92FDs x5D98FEHx6C9FFEox7CA5FFe x8BABFF?)
[29.09.2023 22:43:50][serveritem][give] Sloterr obtained 1 of s6 (x0073FB? x0C78FBSx177CFCox2381FCux2E86FClx3A8AFDs x468FFDHx5194FDex5D98FElx689DFEmx74A2FEex7FA6FFt x8BABFF?)
