[30.10.2023 21:59:22][serveritem][give] Sloterr obtained 1 of s1 (x0073FB? x0D78FBSx197DFCox2682FCux3387FClx3F8CFDs x4C92FDSx5897FEwx659CFEox72A1FErx7EA6FFd x8BABFF?)
[30.10.2023 21:59:24][serveritem][give] Sloterr obtained 1 of s2 (x0073FB? x0B77FBSx157CFCox2080FCux2B84FClx3589FDs x408DFDPx4B91FDix5695FDcx609AFEkx6B9EFEax76A2FExx80A7FFe x8BABFF?)
[30.10.2023 21:59:24][serveritem][give] Sloterr obtained 1 of s3 (x0073FB? x0F79FBSx1F7FFCox2E86FCux3E8CFDlx4D92FDs x5D98FEAx6C9FFExx7CA5FFe x8BABFF?)
[30.10.2023 21:59:25][serveritem][give] Sloterr obtained 1 of s4 (x0073FB? x0C78FBSx177CFCox2381FCux2E86FClx3A8AFDs x468FFDSx5194FDhx5D98FEox689DFEvx74A2FEex7FA6FFl x8BABFF?)
[30.10.2023 21:59:26][serveritem][give] Sloterr obtained 1 of s5 (x0073FB? x0F79FBSx1F7FFCox2E86FCux3E8CFDlx4D92FDs x5D98FEHx6C9FFEox7CA5FFe x8BABFF?)
[30.10.2023 21:59:26][serveritem][give] Sloterr obtained 1 of s6 (x0073FB? x0C78FBSx177CFCox2381FCux2E86FClx3A8AFDs x468FFDHx5194FDex5D98FElx689DFEmx74A2FEex7FA6FFt x8BABFF?)
[30.10.2023 21:59:27][serveritem][give] Sloterr obtained 1 of s7 (x0073FB? x0977FBSx117AFCox1A7EFCux2381FClx2B85FCs x3488FDCx3D8CFDhx468FFDex4E93FDsx5796FEtx609AFEpx689DFElx71A1FEax7AA4FFtx82A8FFe x8BABFF?)
[30.10.2023 21:59:28][serveritem][give] Sloterr obtained 1 of s8 (x0073FB? x0A77FBSx147BFCox1E7FFCux2883FClx3287FCs x3C8BFDLx468FFDex4F93FDgx5997FEgx639BFEix6D9FFEnx77A3FEgx81A7FFs x8BABFF?)
[30.10.2023 21:59:28][serveritem][give] Sloterr obtained 1 of s9 (x0073FB? x0D78FBSx197DFCox2682FCux3387FClx3F8CFDs x4C92FDBx5897FEox659CFEox72A1FEtx7EA6FFs x8BABFF?)
[30.10.2023 21:59:29][serveritem][give] Sloterr obtained 1 of s10 (x0073FB? x0A77FBSx147BFCox1E7FFCux2883FClx3287FCs x3C8BFDCx468FFDrx4F93FDox5997FEsx639BFEsx6D9FFEbx77A3FEox81A7FFw x8BABFF?)
[30.10.2023 21:59:29][serveritem][give] Sloterr obtained 1 of s11 (x0073FB? x0F79FBSx1F7FFCox2E86FCux3E8CFDlx4D92FDs x5D98FEBx6C9FFEox7CA5FFw x8BABFF?)
[30.10.2023 21:59:30][serveritem][give] Sloterr obtained 1 of s12 (x0073FB? x0B77FBSx157CFCox2080FCux2B84FClx3589FDs x408DFDTx4B91FDrx5695FDix609AFEdx6B9EFEex76A2FEnx80A7FFt x8BABFF?)
[30.10.2023 21:59:30][serveritem][give] Sloterr obtained 1 of s13 (x0073FB? x0977FBSx117AFCox1A7EFCux2381FClx2B85FCs x3488FDFx3D8CFDix468FFDsx4E93FDhx5796FEix609AFEnx689DFEg x71A1FERx7AA4FFox82A8FFd x8BABFF?)
[30.10.2023 22:19:55][serveritem][give] Kos_97 obtained 1 of s1 (x0073FB? x0D78FBSx197DFCox2682FCux3387FClx3F8CFDs x4C92FDSx5897FEwx659CFEox72A1FErx7EA6FFd x8BABFF?)
[30.10.2023 22:29:11][serveritem][give] Sloterr obtained 1 of s1 (x0073FB? x0D78FBSx197DFCox2682FCux3387FClx3F8CFDs x4C92FDSx5897FEwx659CFEox72A1FErx7EA6FFd x8BABFF?)
[30.10.2023 22:46:08][serveritem][give] Sloterr obtained 1 of s2 (x0073FB? x0B77FBSx157CFCox2080FCux2B84FClx3589FDs x408DFDPx4B91FDix5695FDcx609AFEkx6B9EFEax76A2FExx80A7FFe x8BABFF?)
[30.10.2023 22:47:25][serveritem][give] Sloterr obtained 1 of s3 (x0073FB? x0F79FBSx1F7FFCox2E86FCux3E8CFDlx4D92FDs x5D98FEAx6C9FFExx7CA5FFe x8BABFF?)
[30.10.2023 22:48:30][serveritem][give] Sloterr obtained 1 of s4 (x0073FB? x0C78FBSx177CFCox2381FCux2E86FClx3A8AFDs x468FFDSx5194FDhx5D98FEox689DFEvx74A2FEex7FA6FFl x8BABFF?)
[30.10.2023 22:49:17][serveritem][give] Sloterr obtained 1 of s5 (x0073FB? x0F79FBSx1F7FFCox2E86FCux3E8CFDlx4D92FDs x5D98FEHx6C9FFEox7CA5FFe x8BABFF?)
[30.10.2023 22:49:20][serveritem][give] Sloterr obtained 1 of s6 (x0073FB? x0C78FBSx177CFCox2381FCux2E86FClx3A8AFDs x468FFDHx5194FDex5D98FElx689DFEmx74A2FEex7FA6FFt x8BABFF?)
[30.10.2023 22:51:04][serveritem][give] Sloterr obtained 1 of s7 (x0073FB? x0977FBSx117AFCox1A7EFCux2381FClx2B85FCs x3488FDCx3D8CFDhx468FFDex4E93FDsx5796FEtx609AFEpx689DFElx71A1FEax7AA4FFtx82A8FFe x8BABFF?)
[30.10.2023 22:51:07][serveritem][give] Sloterr obtained 1 of s8 (x0073FB? x0A77FBSx147BFCox1E7FFCux2883FClx3287FCs x3C8BFDLx468FFDex4F93FDgx5997FEgx639BFEix6D9FFEnx77A3FEgx81A7FFs x8BABFF?)
[30.10.2023 22:51:10][serveritem][give] Sloterr obtained 1 of s9 (x0073FB? x0D78FBSx197DFCox2682FCux3387FClx3F8CFDs x4C92FDBx5897FEox659CFEox72A1FEtx7EA6FFs x8BABFF?)
[30.10.2023 22:52:43][serveritem][give] Sloterr obtained 1 of s10 (x0073FB? x0A77FBSx147BFCox1E7FFCux2883FClx3287FCs x3C8BFDCx468FFDrx4F93FDox5997FEsx639BFEsx6D9FFEbx77A3FEox81A7FFw x8BABFF?)
[30.10.2023 22:52:46][serveritem][give] Sloterr obtained 1 of s11 (x0073FB? x0F79FBSx1F7FFCox2E86FCux3E8CFDlx4D92FDs x5D98FEBx6C9FFEox7CA5FFw x8BABFF?)
[30.10.2023 22:52:48][serveritem][give] Sloterr obtained 1 of s12 (x0073FB? x0B77FBSx157CFCox2080FCux2B84FClx3589FDs x408DFDTx4B91FDrx5695FDix609AFEdx6B9EFEex76A2FEnx80A7FFt x8BABFF?)
[30.10.2023 22:52:53][serveritem][give] Sloterr obtained 1 of s13 (x0073FB? x0977FBSx117AFCox1A7EFCux2381FClx2B85FCs x3488FDFx3D8CFDix468FFDsx4E93FDhx5796FEix609AFEnx689DFEg x71A1FERx7AA4FFox82A8FFd x8BABFF?)
[30.10.2023 23:12:53][serveritem][give] Sloterr obtained 1 of s14 (x0073FB? x0B77FBSx157CFCox2080FCux2B84FClx3589FDs x408DFDSx4B91FDpx5695FDax609AFEwx6B9EFEnx76A2FEex80A7FFr x8BABFF?)
[30.10.2023 23:28:51][serveritem][give] Sloterr obtained 1 of s14 (x0073FB? x0C78FBSx177CFCox2381FCux2E86FClx3A8AFDs x468FFDEx5194FDlx5D98FEyx689DFEtx74A2FErx7FA6FFa x8BABFF?)
[30.10.2023 23:35:57][serveritem][give] Sloterr obtained 1 of s15 (x0073FB? x0B77FBSx157CFCox2080FCux2B84FClx3589FDs x408DFDSx4B91FDpx5695FDax609AFEwx6B9EFEnx76A2FEex80A7FFr x8BABFF?)
